<?xml version="1.0" encoding="UTF-8"?>
<testsuite name="EncryptDecryptTest" tests="1" skipped="0" failures="0" errors="0" timestamp="2020-10-11T16:45:41" hostname="JARVIS" time="0.172">
  <properties/>
  <testcase name="start" classname="EncryptDecryptTest" time="0.172"/>
  <system-out><![CDATA[?[1;31m
Start test 1?[0m
?[1;31m
Start test 2?[0m
?[1;31m
Start test 3?[0m
?[1;31m
Start test 4?[0m
?[1;31m
Start test 5?[0m
?[1;31m
Start test 6?[0m
?[1;31m
Start test 7?[0m
w --97--> b
e --97--> j
l --97--> q
c --97--> h
o --97--> t
m --97--> r
e --97--> j
  --32-->  
t --97--> y
o --97--> t
  --32-->  
h --97--> m
y --97--> d
p --97--> u
e --97--> j
r --97--> w
s --97--> x
k --97--> p
i --97--> n
l --97--> q
l --97--> q
?[1;31m
Start test 8?[0m

d --97--> t

b --97--> r

o --97--> e

k --97--> a

c --97--> s

e --97--> u

b --97--> r

o --97--> e
?[1;31m
Start test 9?[0m
q --97--> c
d --97--> p
v --97--> h
d --97--> p
q --97--> c
v --97--> h
r --97--> d
x --97--> j
q --97--> c
w --97--> i
x --97--> j
r --97--> d
x --97--> j
w --97--> i
p --97--> b
v --97--> h
r --97--> d
x --97--> j
s --97--> e
p --97--> b
v --97--> h
x --97--> j
i --97--> u
q --97--> c
g --97--> s
d --97--> p
i --97--> u
q --97--> c
a --97--> m
r --97--> d
a --97--> m
i --97--> u
r --97--> d
p --97--> b
b --97--> n
i --97--> u
q --97--> c
q --97--> c
i --97--> u
d --97--> p
?[1;31m
Start test 10?[0m

i --97--> y
?[1;31m
Start test 11?[0m
y --97--> i
]]></system-out>
  <system-err><![CDATA[]]></system-err>
</testsuite>
